Determining if the pthread_create exist failed with the following output:
Change Dir: /home/ajungmoon/catkin_ws/src/kuka-lwr-ros/kuka_fri_bridge/build/CMakeFiles/CMakeTmp

Run Build Command:/usr/bin/make "cmTryCompileExec570185657/fast"
/usr/bin/make -f CMakeFiles/cmTryCompileExec570185657.dir/build.make CMakeFiles/cmTryCompileExec570185657.dir/build
make[1]: Entering directory `/home/ajungmoon/catkin_ws/src/kuka-lwr-ros/kuka_fri_bridge/build/CMakeFiles/CMakeTmp'
/usr/bin/cmake -E cmake_progress_report /home/ajungmoon/catkin_ws/src/kuka-lwr-ros/kuka_fri_bridge/build/CMakeFiles/CMakeTmp/CMakeFiles 1
Building C object CMakeFiles/cmTryCompileExec570185657.dir/CheckSymbolExists.c.o
/usr/bin/cc    -o CMakeFiles/cmTryCompileExec570185657.dir/CheckSymbolExists.c.o   -c /home/ajungmoon/catkin_ws/src/kuka-lwr-ros/kuka_fri_bridge/build/CMakeFiles/CMakeTmp/CheckSymbolExists.c
Linking C executable cmTryCompileExec570185657
/usr/bin/cmake -E cmake_link_script CMakeFiles/cmTryCompileExec570185657.dir/link.txt --verbose=1
/usr/bin/cc       CMakeFiles/cmTryCompileExec570185657.dir/CheckSymbolExists.c.o  -o cmTryCompileExec570185657 -rdynamic 
CMakeFiles/cmTryCompileExec570185657.dir/CheckSymbolExists.c.o: In function `main':
CheckSymbolExists.c:(.text+0x16): undefined reference to `pthread_create'
collect2: error: ld returned 1 exit status
make[1]: *** [cmTryCompileExec570185657] Error 1
make[1]: Leaving directory `/home/ajungmoon/catkin_ws/src/kuka-lwr-ros/kuka_fri_bridge/build/CMakeFiles/CMakeTmp'
make: *** [cmTryCompileExec570185657/fast] Error 2

File /home/ajungmoon/catkin_ws/src/kuka-lwr-ros/kuka_fri_bridge/build/CMakeFiles/CMakeTmp/CheckSymbolExists.c:
/* */
#include <pthread.h>

int main(int argc, char** argv)
{
  (void)argv;
#ifndef pthread_create
  return ((int*)(&pthread_create))[argc];
#else
  (void)argc;
  return 0;
#endif
}

Determining if the function pthread_create exists in the pthreads failed with the following output:
Change Dir: /home/ajungmoon/catkin_ws/src/kuka-lwr-ros/kuka_fri_bridge/build/CMakeFiles/CMakeTmp

Run Build Command:/usr/bin/make "cmTryCompileExec3619180756/fast"
/usr/bin/make -f CMakeFiles/cmTryCompileExec3619180756.dir/build.make CMakeFiles/cmTryCompileExec3619180756.dir/build
make[1]: Entering directory `/home/ajungmoon/catkin_ws/src/kuka-lwr-ros/kuka_fri_bridge/build/CMakeFiles/CMakeTmp'
/usr/bin/cmake -E cmake_progress_report /home/ajungmoon/catkin_ws/src/kuka-lwr-ros/kuka_fri_bridge/build/CMakeFiles/CMakeTmp/CMakeFiles 1
Building C object CMakeFiles/cmTryCompileExec3619180756.dir/CheckFunctionExists.c.o
/usr/bin/cc   -DCHECK_FUNCTION_EXISTS=pthread_create   -o CMakeFiles/cmTryCompileExec3619180756.dir/CheckFunctionExists.c.o   -c /usr/share/cmake-2.8/Modules/CheckFunctionExists.c
Linking C executable cmTryCompileExec3619180756
/usr/bin/cmake -E cmake_link_script CMakeFiles/cmTryCompileExec3619180756.dir/link.txt --verbose=1
/usr/bin/cc   -DCHECK_FUNCTION_EXISTS=pthread_create    CMakeFiles/cmTryCompileExec3619180756.dir/CheckFunctionExists.c.o  -o cmTryCompileExec3619180756 -rdynamic -lpthreads 
/usr/bin/ld: cannot find -lpthreads
collect2: error: ld returned 1 exit status
make[1]: Leaving directory `/home/ajungmoon/catkin_ws/src/kuka-lwr-ros/kuka_fri_bridge/build/CMakeFiles/CMakeTmp'
make[1]: *** [cmTryCompileExec3619180756] Error 1
make: *** [cmTryCompileExec3619180756/fast] Error 2


